<?xml version="1.0" encoding="UTF-8"?>
<testng-results ignored="0" total="1" passed="1" failed="0" skipped="0">
  <reporter-output>
  </reporter-output>
  <suite started-at="2022-10-18T21:45:30 IST" name="Default suite" finished-at="2022-10-18T21:46:17 IST" duration-ms="46767">
    <groups>
    </groups>
    <test started-at="2022-10-18T21:45:30 IST" name="Default test" finished-at="2022-10-18T21:46:17 IST" duration-ms="46767">
      <class name="com.demo.E_commerce.test1">
        <test-method is-config="true" signature="beforeMethod()[pri:0, instance:com.demo.E_commerce.test1@239a307b]" started-at="2022-10-18T21:45:30 IST" name="beforeMethod" finished-at="2022-10-18T21:45:32 IST" duration-ms="1520" status="PASS">
          <reporter-output>
          </reporter-output>
        </test-method> <!-- beforeMethod -->
        <test-method signature="flipkart()[pri:0, instance:com.demo.E_commerce.test1@239a307b]" started-at="2022-10-18T21:45:32 IST" name="flipkart" finished-at="2022-10-18T21:46:17 IST" duration-ms="45201" status="PASS">
          <reporter-output>
          </reporter-output>
        </test-method> <!-- flipkart -->
        <test-method is-config="true" signature="afterMethod()[pri:0, instance:com.demo.E_commerce.test1@239a307b]" started-at="2022-10-18T21:46:17 IST" name="afterMethod" finished-at="2022-10-18T21:46:17 IST" duration-ms="0" status="PASS">
          <reporter-output>
          </reporter-output>
        </test-method> <!-- afterMethod -->
      </class> <!-- com.demo.E_commerce.test1 -->
    </test> <!-- Default test -->
  </suite> <!-- Default suite -->
</testng-results>
